16/Apr/2022:14:21:19 +0530 [CalController.java] [INFO] CalController [FACT] - INPUT:3.0 , OUTPUT:6.0
16/Apr/2022:14:21:20 +0530 [CalController.java] [INFO] CalController [FACT] - INPUT:6.0 , OUTPUT:720.0
16/Apr/2022:14:21:26 +0530 [CalController.java] [INFO] CalController [LOG] - INPUT:9.0 , OUTPUT:2.1972245773362196
16/Apr/2022:14:21:33 +0530 [CalController.java] [INFO] CalController [SQRT] - INPUT:59.0 , OUTPUT:7.681145747868608
16/Apr/2022:14:21:39 +0530 [CalController.java] [INFO] CalController [POWER] - INPUT:6.0^2.0 , OUTPUT:36.0
16/Apr/2022:14:21:43 +0530 [CalController.java] [INFO] CalController [POWER] - INPUT:6.0^29.0 , OUTPUT:3.6845653286788893E22
16/Apr/2022:14:21:50 +0530 [CalController.java] [INFO] CalController [LOG] - INPUT:999.0 , OUTPUT:6.906754778648554
16/Apr/2022:18:26:07 +0530 [CalController.java] [INFO] CalController [SQRT] - INPUT:81.0 , OUTPUT:9.0
16/Apr/2022:18:26:56 +0530 [CalController.java] [INFO] CalController [SQRT] - INPUT:9.0 , OUTPUT:3.0
16/Apr/2022:18:27:03 +0530 [CalController.java] [INFO] CalController [LOG] - INPUT:56.0 , OUTPUT:4.02535169073515
16/Apr/2022:18:27:06 +0530 [CalController.java] [INFO] CalController [LOG] - INPUT:4.025351690735159 , OUTPUT:1.3926122836335795
16/Apr/2022:18:27:11 +0530 [CalController.java] [INFO] CalController [FACT] - INPUT:5.0 , OUTPUT:120.0
16/Apr/2022:18:27:17 +0530 [CalController.java] [INFO] CalController [FACT] - INPUT:3.0 , OUTPUT:6.0
16/Apr/2022:18:27:19 +0530 [CalController.java] [INFO] CalController [FACT] - INPUT:6.0 , OUTPUT:720.0
16/Apr/2022:18:27:26 +0530 [CalController.java] [INFO] CalController [FACT] - INPUT:2.0 , OUTPUT:2.0
16/Apr/2022:18:27:26 +0530 [CalController.java] [INFO] CalController [FACT] - INPUT:2.0 , OUTPUT:2.0
16/Apr/2022:18:27:28 +0530 [CalController.java] [INFO] CalController [FACT] - INPUT:29.0 , OUTPUT:8.841761993739701E30
16/Apr/2022:18:27:33 +0530 [CalController.java] [INFO] CalController [FACT] - INPUT:4.0 , OUTPUT:24.0
16/Apr/2022:18:27:37 +0530 [CalController.java] [INFO] CalController [FACT] - INPUT:5.0 , OUTPUT:120.0
16/Apr/2022:18:27:43 +0530 [CalController.java] [INFO] CalController [POWER] - INPUT:6.0^7.0 , OUTPUT:279936.0
16/Apr/2022:18:27:51 +0530 [CalController.java] [INFO] CalController [SQRT] - INPUT:888.0 , OUTPUT:29.79932885150268
16/Apr/2022:18:27:51 +0530 [CalController.java] [INFO] CalController [SQRT] - INPUT:29.79932885150268 , OUTPUT:5.458876152790305
16/Apr/2022:18:28:02 +0530 [CalController.java] [INFO] CalController [LOG] - INPUT:9.0 , OUTPUT:2.1972245773362196
16/Apr/2022:18:28:02 +0530 [CalController.java] [INFO] CalController [LOG] - INPUT:2.1972245773362196 , OUTPUT:0.7871950081766445
16/Apr/2022:18:28:02 +0530 [CalController.java] [INFO] CalController [LOG] - INPUT:0.7871950081766445 , OUTPUT:-0.23927927450321787
16/Apr/2022:18:28:10 +0530 [CalController.java] [INFO] CalController [FACT] - INPUT:13.0 , OUTPUT:6.2270208E9
16/Apr/2022:18:28:14 +0530 [CalController.java] [INFO] CalController [FACT] - INPUT:3.0 , OUTPUT:6.0
16/Apr/2022:18:28:14 +0530 [CalController.java] [INFO] CalController [FACT] - INPUT:6.0 , OUTPUT:720.0
16/Apr/2022:18:28:19 +0530 [CalController.java] [INFO] CalController [FACT] - INPUT:2.0 , OUTPUT:2.0
16/Apr/2022:18:28:19 +0530 [CalController.java] [INFO] CalController [FACT] - INPUT:2.0 , OUTPUT:2.0
16/Apr/2022:18:28:21 +0530 [CalController.java] [INFO] CalController [FACT] - INPUT:24.0 , OUTPUT:6.204484017332394E23
20/Nov/2022:13:21:54 +0530 [CalController.java] [INFO] CalController [SQRT] - INPUT:2.0 , OUTPUT:1.4142135623730951
22/Nov/2022:14:16:35 +0530 [CalController.java] [INFO] CalController [SQRT] - INPUT:2.0 , OUTPUT:1.4142135623730951
22/Nov/2022:14:21:03 +0530 [CalController.java] [INFO] CalController [SQRT] - INPUT:6.0 , OUTPUT:2.449489742783178
26/Nov/2022:13:28:45 +0530 [CalController.java] [INFO] CalController [FACT] - INPUT:-6.0 , OUTPUT:Invalid Input
26/Nov/2022:13:28:45 +0530 [CalController.java] [INFO] CalController [FACT] - INPUT:2.0 , OUTPUT:2.0
26/Nov/2022:13:28:45 +0530 [CalController.java] [INFO] CalController [LOG] - INPUT:1.0 , OUTPUT:0.0
26/Nov/2022:13:28:45 +0530 [CalController.java] [INFO] CalController [POWER] - INPUT:10.0^2.0 , OUTPUT:100.0
26/Nov/2022:13:28:45 +0530 [CalController.java] [INFO] CalController [SQRT] - INPUT:-1.0 , OUTPUT:Invalid Input
26/Nov/2022:13:28:45 +0530 [CalController.java] [INFO] CalController [SQRT] - INPUT:25.0 , OUTPUT:5.0
26/Nov/2022:13:28:55 +0530 [CalController.java] [INFO] CalController [FACT] - INPUT:-6.0 , OUTPUT:Invalid Input
26/Nov/2022:13:28:55 +0530 [CalController.java] [INFO] CalController [FACT] - INPUT:2.0 , OUTPUT:2.0
26/Nov/2022:13:28:55 +0530 [CalController.java] [INFO] CalController [LOG] - INPUT:1.0 , OUTPUT:0.0
26/Nov/2022:13:28:55 +0530 [CalController.java] [INFO] CalController [POWER] - INPUT:10.0^2.0 , OUTPUT:100.0
26/Nov/2022:13:28:55 +0530 [CalController.java] [INFO] CalController [SQRT] - INPUT:-1.0 , OUTPUT:Invalid Input
26/Nov/2022:13:28:55 +0530 [CalController.java] [INFO] CalController [SQRT] - INPUT:25.0 , OUTPUT:5.0
26/Nov/2022:13:30:48 +0530 [CalController.java] [INFO] CalController [FACT] - INPUT:-6.0 , OUTPUT:Invalid Input
26/Nov/2022:13:30:48 +0530 [CalController.java] [INFO] CalController [FACT] - INPUT:2.0 , OUTPUT:2.0
26/Nov/2022:13:30:48 +0530 [CalController.java] [INFO] CalController [LOG] - INPUT:-1.0 , OUTPUT:Invalid Input
26/Nov/2022:13:30:48 +0530 [CalController.java] [INFO] CalController [LOG] - INPUT:50.0 , OUTPUT:3.912023005428146
26/Nov/2022:13:30:48 +0530 [CalController.java] [INFO] CalController [POWER] - INPUT:10.0^2.0 , OUTPUT:100.0
26/Nov/2022:13:30:48 +0530 [CalController.java] [INFO] CalController [SQRT] - INPUT:-1.0 , OUTPUT:Invalid Input
26/Nov/2022:13:30:48 +0530 [CalController.java] [INFO] CalController [SQRT] - INPUT:25.0 , OUTPUT:5.0
26/Nov/2022:13:31:21 +0530 [CalController.java] [INFO] CalController [FACT] - INPUT:-6.0 , OUTPUT:Invalid Input
26/Nov/2022:13:31:21 +0530 [CalController.java] [INFO] CalController [FACT] - INPUT:1.0 , OUTPUT:1.0
26/Nov/2022:13:31:21 +0530 [CalController.java] [INFO] CalController [FACT] - INPUT:2.0 , OUTPUT:2.0
26/Nov/2022:13:31:21 +0530 [CalController.java] [INFO] CalController [LOG] - INPUT:-1.0 , OUTPUT:Invalid Input
26/Nov/2022:13:31:21 +0530 [CalController.java] [INFO] CalController [LOG] - INPUT:50.0 , OUTPUT:3.912023005428146
26/Nov/2022:13:31:21 +0530 [CalController.java] [INFO] CalController [POWER] - INPUT:10.0^2.0 , OUTPUT:100.0
26/Nov/2022:13:31:21 +0530 [CalController.java] [INFO] CalController [SQRT] - INPUT:-1.0 , OUTPUT:Invalid Input
26/Nov/2022:13:31:21 +0530 [CalController.java] [INFO] CalController [SQRT] - INPUT:25.0 , OUTPUT:5.0
